Started GET "/" for 127.0.0.1 at 2018-09-26 09:08:04 +0700
Processing by Rails::WelcomeController#index as HTML
  Rendering /home/nus/.rbenv/versions/2.5.1/lib/ruby/gems/2.5.0/gems/railties-5.2.1/lib/rails/templates/rails/welcome/index.html.erb
  Rendered /home/nus/.rbenv/versions/2.5.1/lib/ruby/gems/2.5.0/gems/railties-5.2.1/lib/rails/templates/rails/welcome/index.html.erb (3.0ms)
Completed 200 OK in 28ms (Views: 17.8ms | ActiveRecord: 0.0ms)


Started GET "/" for 127.0.0.1 at 2018-09-26 10:10:41 +0700
Processing by HomeController#index as HTML
  Rendering home/index.html.haml within layouts/application
  Rendered home/index.html.haml within layouts/application (3.2ms)
Completed 200 OK in 2984ms (Views: 2975.6ms | ActiveRecord: 0.0ms)


Started GET "/" for 127.0.0.1 at 2018-09-26 10:10:56 +0700
Processing by HomeController#index as HTML
  Rendering home/index.html.haml within layouts/application
  Rendered home/index.html.haml within layouts/application (4.4ms)
Completed 200 OK in 40ms (Views: 38.2ms | ActiveRecord: 0.0ms)


Started GET "/" for 127.0.0.1 at 2018-09-26 10:24:41 +0700
Processing by HomeController#index as HTML
  Rendering home/index.html.haml within layouts/application
  Rendered home/index.html.haml within layouts/application (2.5ms)
Completed 200 OK in 30ms (Views: 29.6ms | ActiveRecord: 0.0ms)


Started GET "/" for 127.0.0.1 at 2018-09-26 13:48:15 +0700
Processing by HomeController#index as HTML
  Rendering home/index.html.haml within layouts/application
  Rendered home/index.html.haml within layouts/application (1.8ms)
Completed 200 OK in 20ms (Views: 18.2ms | ActiveRecord: 0.0ms)


Started GET "/" for 127.0.0.1 at 2018-09-26 13:48:42 +0700
Processing by HomeController#index as HTML
  Rendering home/index.html.haml within layouts/application
  Rendered layouts/_header.html.haml (2.0ms)
  Rendered home/index.html.haml within layouts/application (4.6ms)
Completed 200 OK in 22ms (Views: 21.0ms | ActiveRecord: 0.0ms)


Started GET "/" for 127.0.0.1 at 2018-09-26 13:48:42 +0700
Processing by HomeController#index as HTML
  Rendering home/index.html.haml within layouts/application
  Rendered layouts/_header.html.haml (2.5ms)
  Rendered home/index.html.haml within layouts/application (5.7ms)
Completed 200 OK in 23ms (Views: 21.9ms | ActiveRecord: 0.0ms)


Started GET "/" for 127.0.0.1 at 2018-09-26 13:48:53 +0700
Processing by HomeController#index as HTML
  Rendering home/index.html.haml within layouts/application
  Rendered layouts/_header.html.haml (2.4ms)
  Rendered home/index.html.haml within layouts/application (5.3ms)
Completed 200 OK in 27ms (Views: 26.1ms | ActiveRecord: 0.0ms)


Started GET "/" for 127.0.0.1 at 2018-09-26 13:52:19 +0700
Processing by HomeController#index as HTML
  Rendering home/index.html.haml within layouts/application
  Rendered layouts/_header.html.haml (3.1ms)
  Rendered home/index.html.haml within layouts/application (7.0ms)
Completed 500 Internal Server Error in 632ms (ActiveRecord: 0.0ms)


  
ActionView::Template::Error (couldn't find file 'jquery-rails' with type 'application/javascript'
Checked in these paths: 
  /home/nus/locnb/my_blog/app/assets/config
  /home/nus/locnb/my_blog/app/assets/images
  /home/nus/locnb/my_blog/app/assets/javascripts
  /home/nus/locnb/my_blog/app/assets/stylesheets
  /home/nus/.rbenv/versions/2.5.1/lib/ruby/gems/2.5.0/gems/coffee-rails-4.2.2/lib/assets/javascripts
  /home/nus/.rbenv/versions/2.5.1/lib/ruby/gems/2.5.0/gems/actioncable-5.2.1/lib/assets/compiled
  /home/nus/.rbenv/versions/2.5.1/lib/ruby/gems/2.5.0/gems/activestorage-5.2.1/app/assets/javascripts
  /home/nus/.rbenv/versions/2.5.1/lib/ruby/gems/2.5.0/gems/actionview-5.2.1/lib/assets/compiled
  /home/nus/.rbenv/versions/2.5.1/lib/ruby/gems/2.5.0/gems/turbolinks-source-5.2.0/lib/assets/javascripts
  /home/nus/locnb/my_blog/node_modules
  /home/nus/.rbenv/versions/2.5.1/lib/ruby/gems/2.5.0/gems/popper_js-1.14.3/assets/javascripts
  /home/nus/.rbenv/versions/2.5.1/lib/ruby/gems/2.5.0/gems/bootstrap-4.1.3/assets/stylesheets
  /home/nus/.rbenv/versions/2.5.1/lib/ruby/gems/2.5.0/gems/bootstrap-4.1.3/assets/javascripts):
     6:     = csrf_meta_tags
     7:     = csp_meta_tag
     8:     = stylesheet_link_tag    'application', media: 'all', 'data-turbolinks-track': 'reload'
     9:     = javascript_include_tag 'application', 'data-turbolinks-track': 'reload'
    10:   %body
    11:     = yield
  
app/assets/javascripts/application.js:15
app/views/layouts/application.html.haml:9:in `_app_views_layouts_application_html_haml___84390311444239389_69990150324360'
Started GET "/" for 127.0.0.1 at 2018-09-26 13:52:33 +0700
Processing by HomeController#index as HTML
  Rendering home/index.html.haml within layouts/application
  Rendered layouts/_header.html.haml (2.2ms)
  Rendered home/index.html.haml within layouts/application (5.0ms)
Completed 500 Internal Server Error in 18ms (ActiveRecord: 0.0ms)


  
ActionView::Template::Error (couldn't find file 'jquery' with type 'application/javascript'
Checked in these paths: 
  /home/nus/locnb/my_blog/app/assets/config
  /home/nus/locnb/my_blog/app/assets/images
  /home/nus/locnb/my_blog/app/assets/javascripts
  /home/nus/locnb/my_blog/app/assets/stylesheets
  /home/nus/.rbenv/versions/2.5.1/lib/ruby/gems/2.5.0/gems/coffee-rails-4.2.2/lib/assets/javascripts
  /home/nus/.rbenv/versions/2.5.1/lib/ruby/gems/2.5.0/gems/actioncable-5.2.1/lib/assets/compiled
  /home/nus/.rbenv/versions/2.5.1/lib/ruby/gems/2.5.0/gems/activestorage-5.2.1/app/assets/javascripts
  /home/nus/.rbenv/versions/2.5.1/lib/ruby/gems/2.5.0/gems/actionview-5.2.1/lib/assets/compiled
  /home/nus/.rbenv/versions/2.5.1/lib/ruby/gems/2.5.0/gems/turbolinks-source-5.2.0/lib/assets/javascripts
  /home/nus/locnb/my_blog/node_modules
  /home/nus/.rbenv/versions/2.5.1/lib/ruby/gems/2.5.0/gems/popper_js-1.14.3/assets/javascripts
  /home/nus/.rbenv/versions/2.5.1/lib/ruby/gems/2.5.0/gems/bootstrap-4.1.3/assets/stylesheets
  /home/nus/.rbenv/versions/2.5.1/lib/ruby/gems/2.5.0/gems/bootstrap-4.1.3/assets/javascripts):
     6:     = csrf_meta_tags
     7:     = csp_meta_tag
     8:     = stylesheet_link_tag    'application', media: 'all', 'data-turbolinks-track': 'reload'
     9:     = javascript_include_tag 'application', 'data-turbolinks-track': 'reload'
    10:   %body
    11:     = yield
  
app/assets/javascripts/application.js:15
app/views/layouts/application.html.haml:9:in `_app_views_layouts_application_html_haml___84390311444239389_69989961388160'
Started GET "/" for 127.0.0.1 at 2018-09-26 13:52:34 +0700
Processing by HomeController#index as HTML
  Rendering home/index.html.haml within layouts/application
  Rendered layouts/_header.html.haml (2.4ms)
  Rendered home/index.html.haml within layouts/application (5.5ms)
Completed 500 Internal Server Error in 20ms (ActiveRecord: 0.0ms)


  
ActionView::Template::Error (couldn't find file 'jquery' with type 'application/javascript'
Checked in these paths: 
  /home/nus/locnb/my_blog/app/assets/config
  /home/nus/locnb/my_blog/app/assets/images
  /home/nus/locnb/my_blog/app/assets/javascripts
  /home/nus/locnb/my_blog/app/assets/stylesheets
  /home/nus/.rbenv/versions/2.5.1/lib/ruby/gems/2.5.0/gems/coffee-rails-4.2.2/lib/assets/javascripts
  /home/nus/.rbenv/versions/2.5.1/lib/ruby/gems/2.5.0/gems/actioncable-5.2.1/lib/assets/compiled
  /home/nus/.rbenv/versions/2.5.1/lib/ruby/gems/2.5.0/gems/activestorage-5.2.1/app/assets/javascripts
  /home/nus/.rbenv/versions/2.5.1/lib/ruby/gems/2.5.0/gems/actionview-5.2.1/lib/assets/compiled
  /home/nus/.rbenv/versions/2.5.1/lib/ruby/gems/2.5.0/gems/turbolinks-source-5.2.0/lib/assets/javascripts
  /home/nus/locnb/my_blog/node_modules
  /home/nus/.rbenv/versions/2.5.1/lib/ruby/gems/2.5.0/gems/popper_js-1.14.3/assets/javascripts
  /home/nus/.rbenv/versions/2.5.1/lib/ruby/gems/2.5.0/gems/bootstrap-4.1.3/assets/stylesheets
  /home/nus/.rbenv/versions/2.5.1/lib/ruby/gems/2.5.0/gems/bootstrap-4.1.3/assets/javascripts):
     6:     = csrf_meta_tags
     7:     = csp_meta_tag
     8:     = stylesheet_link_tag    'application', media: 'all', 'data-turbolinks-track': 'reload'
     9:     = javascript_include_tag 'application', 'data-turbolinks-track': 'reload'
    10:   %body
    11:     = yield
  
app/assets/javascripts/application.js:15
app/views/layouts/application.html.haml:9:in `_app_views_layouts_application_html_haml___84390311444239389_69989962112280'
Started GET "/" for 127.0.0.1 at 2018-09-26 13:53:19 +0700
Processing by HomeController#index as HTML
  Rendering home/index.html.haml within layouts/application
  Rendered layouts/_header.html.haml (1.8ms)
  Rendered home/index.html.haml within layouts/application (21.0ms)
Completed 500 Internal Server Error in 2063ms (ActiveRecord: 0.0ms)


  
ActionView::Template::Error (couldn't find file 'jquery-rails' with type 'application/javascript'
Checked in these paths: 
  /home/nus/locnb/my_blog/app/assets/config
  /home/nus/locnb/my_blog/app/assets/images
  /home/nus/locnb/my_blog/app/assets/javascripts
  /home/nus/locnb/my_blog/app/assets/stylesheets
  /home/nus/.rbenv/versions/2.5.1/lib/ruby/gems/2.5.0/gems/jquery-rails-4.3.3/vendor/assets/javascripts
  /home/nus/.rbenv/versions/2.5.1/lib/ruby/gems/2.5.0/gems/coffee-rails-4.2.2/lib/assets/javascripts
  /home/nus/.rbenv/versions/2.5.1/lib/ruby/gems/2.5.0/gems/actioncable-5.2.1/lib/assets/compiled
  /home/nus/.rbenv/versions/2.5.1/lib/ruby/gems/2.5.0/gems/activestorage-5.2.1/app/assets/javascripts
  /home/nus/.rbenv/versions/2.5.1/lib/ruby/gems/2.5.0/gems/actionview-5.2.1/lib/assets/compiled
  /home/nus/.rbenv/versions/2.5.1/lib/ruby/gems/2.5.0/gems/turbolinks-source-5.2.0/lib/assets/javascripts
  /home/nus/locnb/my_blog/node_modules
  /home/nus/.rbenv/versions/2.5.1/lib/ruby/gems/2.5.0/gems/popper_js-1.14.3/assets/javascripts
  /home/nus/.rbenv/versions/2.5.1/lib/ruby/gems/2.5.0/gems/bootstrap-4.1.3/assets/stylesheets
  /home/nus/.rbenv/versions/2.5.1/lib/ruby/gems/2.5.0/gems/bootstrap-4.1.3/assets/javascripts):
     5:     %title Myblog
     6:     = csrf_meta_tags
     7:     = csp_meta_tag
     8:     = stylesheet_link_tag    'application', media: 'all', 'data-turbolinks-track': 'reload'
     9:     = javascript_include_tag 'application', 'data-turbolinks-track': 'reload'
    10:   %body
    11:     = yield
  
app/assets/javascripts/application.js:15
app/views/layouts/application.html.haml:8:in `_app_views_layouts_application_html_haml__2575467159978125282_47462099049400'
Started GET "/" for 127.0.0.1 at 2018-09-26 13:53:22 +0700
Processing by HomeController#index as HTML
  Rendering home/index.html.haml within layouts/application
  Rendered layouts/_header.html.haml (3.9ms)
  Rendered home/index.html.haml within layouts/application (7.5ms)
Completed 500 Internal Server Error in 25ms (ActiveRecord: 0.0ms)


  
ActionView::Template::Error (couldn't find file 'jquery-rails' with type 'application/javascript'
Checked in these paths: 
  /home/nus/locnb/my_blog/app/assets/config
  /home/nus/locnb/my_blog/app/assets/images
  /home/nus/locnb/my_blog/app/assets/javascripts
  /home/nus/locnb/my_blog/app/assets/stylesheets
  /home/nus/.rbenv/versions/2.5.1/lib/ruby/gems/2.5.0/gems/jquery-rails-4.3.3/vendor/assets/javascripts
  /home/nus/.rbenv/versions/2.5.1/lib/ruby/gems/2.5.0/gems/coffee-rails-4.2.2/lib/assets/javascripts
  /home/nus/.rbenv/versions/2.5.1/lib/ruby/gems/2.5.0/gems/actioncable-5.2.1/lib/assets/compiled
  /home/nus/.rbenv/versions/2.5.1/lib/ruby/gems/2.5.0/gems/activestorage-5.2.1/app/assets/javascripts
  /home/nus/.rbenv/versions/2.5.1/lib/ruby/gems/2.5.0/gems/actionview-5.2.1/lib/assets/compiled
  /home/nus/.rbenv/versions/2.5.1/lib/ruby/gems/2.5.0/gems/turbolinks-source-5.2.0/lib/assets/javascripts
  /home/nus/locnb/my_blog/node_modules
  /home/nus/.rbenv/versions/2.5.1/lib/ruby/gems/2.5.0/gems/popper_js-1.14.3/assets/javascripts
  /home/nus/.rbenv/versions/2.5.1/lib/ruby/gems/2.5.0/gems/bootstrap-4.1.3/assets/stylesheets
  /home/nus/.rbenv/versions/2.5.1/lib/ruby/gems/2.5.0/gems/bootstrap-4.1.3/assets/javascripts):
     5:     %title Myblog
     6:     = csrf_meta_tags
     7:     = csp_meta_tag
     8:     = stylesheet_link_tag    'application', media: 'all', 'data-turbolinks-track': 'reload'
     9:     = javascript_include_tag 'application', 'data-turbolinks-track': 'reload'
    10:   %body
    11:     = yield
  
app/assets/javascripts/application.js:15
app/views/layouts/application.html.haml:8:in `_app_views_layouts_application_html_haml__2575467159978125282_70002312964680'
Started GET "/" for 127.0.0.1 at 2018-09-26 13:55:26 +0700
Processing by HomeController#index as HTML
  Rendering home/index.html.haml within layouts/application
  Rendered layouts/_header.html.haml (2.7ms)
  Rendered home/index.html.haml within layouts/application (5.9ms)
Completed 200 OK in 4168ms (Views: 4166.4ms | ActiveRecord: 0.0ms)


Started GET "/" for 127.0.0.1 at 2018-09-26 14:04:32 +0700
Processing by HomeController#index as HTML
  Rendering home/index.html.haml within layouts/application
  Rendered home/index.html.haml within layouts/application (1.6ms)
Completed 500 Internal Server Error in 7ms (ActiveRecord: 0.0ms)


  
ActionView::Template::Error (The line was indented 2 levels deeper than the previous line.):
     9:     = javascript_include_tag 'application', 'data-turbolinks-track': 'reload'
    10:   %body
    11:     %header
    12:         %nav.navbar.navbar-expand-lg.navbar-light.fixed-top{:id => mainNav}
    13:             .container
    14:                 %a.navbar-brand{:href => "index.html"} My Blog
    15:                 %button.navbar-toggler.navbar-toggler-right{"aria-controls" => "navbarResponsive", "aria-expanded" => "false", "aria-label" => "Toggle navigation", "data-target" => "#navbarResponsive", "data-toggle" => "collapse", :type => "button"}
  
app/views/layouts/application.html.haml:12
Started GET "/" for 127.0.0.1 at 2018-09-26 14:05:33 +0700
Processing by HomeController#index as HTML
  Rendering home/index.html.haml within layouts/application
  Rendered home/index.html.haml within layouts/application (8.2ms)
Completed 500 Internal Server Error in 12ms (ActiveRecord: 0.0ms)


  
ActionView::Template::Error (The line was indented 2 levels deeper than the previous line.):
     9:     = javascript_include_tag 'application', 'data-turbolinks-track': 'reload'
    10:   %body
    11:     %header
    12:         %nav#mainNav.navbar.navbar-expand-lg.navbar-light.fixed-top
    13:             .container
    14:                 %a.navbar-brand{:href => "index.html"} My Blog
    15:                 %button.navbar-toggler.navbar-toggler-right{"aria-controls" => "navbarResponsive", "aria-expanded" => "false", "aria-label" => "Toggle navigation", "data-target" => "#navbarResponsive", "data-toggle" => "collapse", :type => "button"}
  
app/views/layouts/application.html.haml:12
Started GET "/" for 127.0.0.1 at 2018-09-26 14:06:40 +0700
Processing by HomeController#index as HTML
  Rendering home/index.html.haml within layouts/application
  Rendered home/index.html.haml within layouts/application (1.6ms)
Completed 500 Internal Server Error in 6ms (ActiveRecord: 0.0ms)


  
ActionView::Template::Error (The line was indented 2 levels deeper than the previous line.):
     9:     = javascript_include_tag 'application', 'data-turbolinks-track': 'reload'
    10:   %body
    11:     %header
    12:         %nav#mainNav.navbar.navbar-expand-lg.navbar-light.fixed-top
    13:             .container
    14:                 %a.navbar-brand{:href => "index.html"} My Blog
    15:                 %button.navbar-toggler.navbar-toggler-right{"aria-controls" => "navbarResponsive", "aria-expanded" => "false", "aria-label" => "Toggle navigation", "data-target" => "#navbarResponsive", "data-toggle" => "collapse", :type => "button"}
  
app/views/layouts/application.html.haml:12
Started GET "/" for 127.0.0.1 at 2018-09-26 14:07:30 +0700
Processing by HomeController#index as HTML
  Rendering home/index.html.haml within layouts/application
  Rendered home/index.html.haml within layouts/application (1.8ms)
Completed 200 OK in 36ms (Views: 34.9ms | ActiveRecord: 0.0ms)


